TN:
SF:src/compare.js
FN:5,(anonymous_0)
FN:10,(anonymous_1)
FN:12,(anonymous_2)
FN:14,(anonymous_3)
FN:18,(anonymous_4)
FNF:5
FNH:5
FNDA:1,(anonymous_0)
FNDA:2,(anonymous_1)
FNDA:2,(anonymous_2)
FNDA:1,(anonymous_3)
FNDA:7,(anonymous_4)
DA:5,1
DA:6,1
DA:7,1
DA:10,2
DA:12,2
DA:14,1
DA:15,1
DA:16,1
DA:18,1
DA:19,7
DA:20,7
DA:24,7
DA:25,2
DA:27,7
DA:28,1
DA:30,7
DA:31,2
DA:33,7
DA:34,2
DA:37,7
DA:40,1
DA:41,1
LF:22
LH:22
BRDA:10,0,0,1
BRDA:10,0,1,1
BRDA:12,1,0,1
BRDA:12,1,1,1
BRDA:24,2,0,2
BRDA:24,2,1,5
BRDA:24,3,0,7
BRDA:24,3,1,6
BRDA:27,4,0,1
BRDA:27,4,1,6
BRDA:27,5,0,7
BRDA:27,5,1,1
BRDA:30,6,0,2
BRDA:30,6,1,5
BRDA:30,7,0,7
BRDA:30,7,1,6
BRDA:30,7,2,4
BRDA:33,8,0,2
BRDA:33,8,1,5
BRDA:33,9,0,7
BRDA:33,9,1,6
BRDA:33,9,2,4
BRF:22
BRH:22
end_of_record
